<?xml version="1.0" encoding="UTF-8"?>
<robot generator="Robot 3.2a1 (Python 3.7.0 on win32)" generated="20191116 20:20:16.531" rpa="false">
<suite id="s1" name="FilesAndCollections" source="C:\Users\moses\git\WebAppWithRobotFramework\FilesAndCollections">
<suite id="s1-s1" name="Appium" source="C:\Users\moses\git\WebAppWithRobotFramework\FilesAndCollections\Appium">
<suite id="s1-s1-s1" name="LoginTest" source="C:\Users\moses\git\WebAppWithRobotFramework\FilesAndCollections\Appium\LoginTest.robot">
<test id="s1-s1-s1-t1" name="You can login with username and password">
<kw name="Login Test">
<arguments>
<arg>${username}</arg>
<arg>${password}</arg>
</arguments>
<kw name="Launch browser" library="LoginKeywords">
<arguments>
<arg>${url}</arg>
<arg>${browser}</arg>
</arguments>
<kw name="Open Browser" library="SeleniumLibrary">
<doc>Opens a new browser instance to the optional ``url``.</doc>
<arguments>
<arg>${url}</arg>
<arg>${browser}</arg>
</arguments>
<msg timestamp="20191116 20:20:17.001" level="INFO">Opening browser 'firefox' to base url 'http://newtours.demoaut.com/'.</msg>
<msg timestamp="20191116 20:20:17.057" level="INFO">Firefox driver log is always forced to to: C:\Users\moses\git\WebAppWithRobotFramework\FilesAndCollections\geckodriver-211.log</msg>
<status status="PASS" starttime="20191116 20:20:17.000" endtime="20191116 20:20:29.471"></status>
</kw>
<status status="PASS" starttime="20191116 20:20:16.999" endtime="20191116 20:20:29.471"></status>
</kw>
<kw name="Enter UserData" library="LoginKeywords">
<arguments>
<arg>${username}</arg>
</arguments>
<kw name="Input Text" library="SeleniumLibrary">
<doc>Types the given ``text`` into the text field identified by ``locator``.</doc>
<arguments>
<arg>${txt_loginUserName}</arg>
<arg>${username}</arg>
</arguments>
<msg timestamp="20191116 20:20:29.472" level="INFO">Typing text 'tutorial' into text field 'name:userName'.</msg>
<status status="PASS" starttime="20191116 20:20:29.472" endtime="20191116 20:20:29.534"></status>
</kw>
<status status="PASS" starttime="20191116 20:20:29.471" endtime="20191116 20:20:29.535"></status>
</kw>
<kw name="Enter password" library="LoginKeywords">
<arguments>
<arg>${password}</arg>
</arguments>
<kw name="Input Password" library="SeleniumLibrary">
<doc>Types the given password into the text field identified by ``locator``.</doc>
<arguments>
<arg>${txt_loginPassword}</arg>
<arg>${password}</arg>
</arguments>
<msg timestamp="20191116 20:20:29.536" level="INFO">Typing password into text field 'name:password'.</msg>
<status status="PASS" starttime="20191116 20:20:29.536" endtime="20191116 20:20:29.585"></status>
</kw>
<status status="PASS" starttime="20191116 20:20:29.535" endtime="20191116 20:20:29.585"></status>
</kw>
<kw name="Click SignIN" library="LoginKeywords">
<kw name="Click Button" library="SeleniumLibrary">
<doc>Clicks the button identified by ``locator``.</doc>
<arguments>
<arg>${btn_signIn}</arg>
</arguments>
<msg timestamp="20191116 20:20:29.586" level="INFO">Clicking button 'xpath://input[@name='login']'.</msg>
<status status="PASS" starttime="20191116 20:20:29.586" endtime="20191116 20:20:34.832"></status>
</kw>
<status status="PASS" starttime="20191116 20:20:29.585" endtime="20191116 20:20:34.832"></status>
</kw>
<kw name="Verify Successful Login" library="LoginKeywords">
<kw name="Title Should Be" library="SeleniumLibrary">
<doc>Verifies that the current page title equals ``title``.</doc>
<arguments>
<arg>Welcome: Mercury Tours</arg>
</arguments>
<msg timestamp="20191116 20:20:34.847" level="INFO">Page title is 'Welcome: Mercury Tours'.</msg>
<status status="PASS" starttime="20191116 20:20:34.833" endtime="20191116 20:20:34.847"></status>
</kw>
<status status="PASS" starttime="20191116 20:20:34.832" endtime="20191116 20:20:34.848"></status>
</kw>
<status status="PASS" starttime="20191116 20:20:16.998" endtime="20191116 20:20:34.848"></status>
</kw>
<status status="PASS" starttime="20191116 20:20:16.997" endtime="20191116 20:20:34.848" critical="yes"></status>
</test>
<kw name="Close my browser" library="LoginKeywords" type="teardown">
<kw name="Close All Browsers" library="SeleniumLibrary">
<doc>Closes all open browsers and resets the browser cache.</doc>
<status status="PASS" starttime="20191116 20:20:34.852" endtime="20191116 20:20:39.801"></status>
</kw>
<status status="PASS" starttime="20191116 20:20:34.850" endtime="20191116 20:20:39.802"></status>
</kw>
<status status="PASS" starttime="20191116 20:20:16.625" endtime="20191116 20:20:39.802"></status>
</suite>
<status status="PASS" starttime="20191116 20:20:16.622" endtime="20191116 20:20:39.805"></status>
</suite>
<status status="PASS" starttime="20191116 20:20:16.583" endtime="20191116 20:20:39.807"></status>
</suite>
<statistics>
<total>
<stat pass="1" fail="0">Critical Tests</stat>
<stat pass="1" fail="0">All Tests</stat>
</total>
<tag>
</tag>
<suite>
<stat pass="1" fail="0" id="s1" name="FilesAndCollections">FilesAndCollections</stat>
<stat pass="1" fail="0" id="s1-s1" name="Appium">FilesAndCollections.Appium</stat>
<stat pass="1" fail="0" id="s1-s1-s1" name="LoginTest">FilesAndCollections.Appium.LoginTest</stat>
</suite>
</statistics>
<errors>
<msg timestamp="20191116 20:20:16.579" level="ERROR">Taking listener 'C:\Users\moses\AppData\Local\Temp\RobotTempDir3174063131592160939\TestRunnerAgent.py:57668' into use failed: Importing listener 'C:\Users\moses\AppData\Local\Temp\RobotTempDir3174063131592160939\TestRunnerAgent.py' failed: ModuleNotFoundError: No module named 'robot.parsing.populators'
Traceback (most recent call last):
  File "C:\Users\moses\AppData\Local\Temp\RobotTempDir3174063131592160939\TestRunnerAgent.py", line 72, in &lt;module&gt;
    from robot.parsing.populators import READERS
PYTHONPATH:
  C:\Python37\Lib\site-packages
  C:\Users\moses\git\WebAppWithRobotFramework\FilesAndCollections
  C:\Python37\python37.zip
  C:\Python37\DLLs
  C:\Python37\lib
  C:\Python37
  C:\Users\moses\AppData\Roaming\Python\Python37\site-packages
  C:\Python37\lib\site-packages
  C:\Python37\lib\site-packages\win32
  C:\Python37\lib\site-packages\win32\lib
  C:\Python37\lib\site-packages\Pythonwin</msg>
</errors>
</robot>
