<?xml version="1.0" encoding="UTF-8"?>
<robot generator="Robot 3.0.2 (Python 3.7.0 on win32)" generated="20191119 00:08:32.923">
<suite id="s1" name="FilesAndCollections" source="C:\Users\moses\git\WebAppWithRobotFramework\FilesAndCollections">
<suite id="s1-s1" name="DesktopApp" source="C:\Users\moses\git\WebAppWithRobotFramework\FilesAndCollections\DesktopApp">
<suite id="s1-s1-s1" name="firstTest" source="C:\Users\moses\git\WebAppWithRobotFramework\FilesAndCollections\DesktopApp\firstTest.robot">
<test id="s1-s1-s1-t1" name="APP Testing">
<kw name="Run" library="AutoItLibrary">
<doc>Direct wrapper for AutoIt's Run method.</doc>
<arguments>
<arg>${Notepad}</arg>
</arguments>
<msg timestamp="20191119 00:08:33.190" level="INFO">AutoItLibrary.Run(FileName='C:\Program Files\Notepad++\notepad++.exe', WorkingDir='', Flag='')</msg>
<status status="PASS" starttime="20191119 00:08:33.186" endtime="20191119 00:08:33.191"></status>
</kw>
<kw name="Win Wait Active" library="AutoItLibrary">
<doc>Direct wrapper for AutoIt's WinWaitActive method.</doc>
<arguments>
<arg>new 1 - Notepad++</arg>
</arguments>
<msg timestamp="20191119 00:08:33.727" level="INFO">AutoItLibrary.WinWaitActive(WindowTitle='new 1 - Notepad++', WindowText='', TimeOut=60)</msg>
<status status="PASS" starttime="20191119 00:08:33.191" endtime="20191119 00:08:33.730"></status>
</kw>
<kw name="Send" library="AutoItLibrary">
<doc>method Send</doc>
<arguments>
<arg>Hello from my first desktop testing.. This is just a test.</arg>
</arguments>
<status status="PASS" starttime="20191119 00:08:33.731" endtime="20191119 00:08:34.411"></status>
</kw>
<status status="PASS" starttime="20191119 00:08:33.185" endtime="20191119 00:08:34.412" critical="yes"></status>
</test>
<test id="s1-s1-s1-t2" name="Start Calculation">
<kw name="Run" library="AutoItLibrary">
<doc>Direct wrapper for AutoIt's Run method.</doc>
<arguments>
<arg>calc.exe</arg>
</arguments>
<msg timestamp="20191119 00:08:34.417" level="INFO">AutoItLibrary.Run(FileName='calc.exe', WorkingDir='', Flag='')</msg>
<status status="PASS" starttime="20191119 00:08:34.414" endtime="20191119 00:08:34.417"></status>
</kw>
<kw name="Wait For Active Window" library="AutoItLibrary">
<doc>Wait up to _TimeOut_ seconds for the window with the given _WindowTitle_ and optional</doc>
<arguments>
<arg>Calculator</arg>
</arguments>
<msg timestamp="20191119 00:08:34.980" level="INFO">AutoItLibrary.WaitForActiveWindow(WindowTitle='Calculator', WindowText='', TimeOut=-1)</msg>
<msg timestamp="20191119 00:08:34.980" level="INFO">AutoItLibrary.WinWait(WindowTitle='Calculator', WindowText='', TimeOut=60)</msg>
<msg timestamp="20191119 00:08:34.980" level="INFO">AutoItLibrary.WinWaitActive(WindowTitle='Calculator', WindowText='', TimeOut=60)</msg>
<status status="PASS" starttime="20191119 00:08:34.418" endtime="20191119 00:08:34.981"></status>
</kw>
<kw name="Win Menu Select Item" library="AutoItLibrary">
<doc>method WinMenuSelectItem</doc>
<arguments>
<arg>None</arg>
</arguments>
<msg timestamp="20191119 00:08:34.988" level="FAIL">com_error: (-2147352561, 'Parameter not optional.', None, None)</msg>
<status status="FAIL" starttime="20191119 00:08:34.982" endtime="20191119 00:08:34.989"></status>
</kw>
<status status="FAIL" starttime="20191119 00:08:34.413" endtime="20191119 00:08:34.990" critical="yes">com_error: (-2147352561, 'Parameter not optional.', None, None)</status>
</test>
<status status="FAIL" starttime="20191119 00:08:33.061" endtime="20191119 00:08:34.995"></status>
</suite>
<status status="FAIL" starttime="20191119 00:08:33.056" endtime="20191119 00:08:35.001"></status>
</suite>
<status status="FAIL" starttime="20191119 00:08:33.004" endtime="20191119 00:08:35.009"></status>
</suite>
<statistics>
<total>
<stat pass="1" fail="1">Critical Tests</stat>
<stat pass="1" fail="1">All Tests</stat>
</total>
<tag>
</tag>
<suite>
<stat pass="1" fail="1" id="s1" name="FilesAndCollections">FilesAndCollections</stat>
<stat pass="1" fail="1" id="s1-s1" name="DesktopApp">FilesAndCollections.DesktopApp</stat>
<stat pass="1" fail="1" id="s1-s1-s1" name="firstTest">FilesAndCollections.DesktopApp.firstTest</stat>
</suite>
</statistics>
<errors>
</errors>
</robot>
